app/build/intermediates/manifest_merge_blame_file/civRelease/processCivReleaseMainManifest/manifest-merger-blame-civ-release-report.txt
1<?xml version="1.0" encoding="utf-8"?>
2<manifest xmlns:android="http://schemas.android.com/apk/res/android"
3    package="com.atakmap.android.cotexplorer.plugin"
4    android:versionName="2.0 (null) - [5.4.0]" >
5
6    <uses-sdk
7        android:minSdkVersion="21"
8        android:targetSdkVersion="34" />
9
10    <application
10-->src\main\AndroidManifest.xml:5:5-23:19
11        android:allowBackup="false"
11-->src\main\AndroidManifest.xml:7:9-36
12        android:description="@string/app_desc"
12-->src\main\AndroidManifest.xml:10:9-47
13        android:extractNativeLibs="true"
13-->src\main\AndroidManifest.xml:11:9-41
14        android:icon="@drawable/ic_launcher"
14-->src\main\AndroidManifest.xml:8:9-45
15        android:label="@string/app_name"
15-->src\main\AndroidManifest.xml:9:9-41
16        android:theme="@style/AppTheme"
16-->src\main\AndroidManifest.xml:12:9-40
17        android:usesCleartextTraffic="true" >
17-->src\main\AndroidManifest.xml:6:9-44
18        <meta-data
19            android:name="plugin-api"
19-->src\main\AndroidManifest.xml:13:20-45
20            android:value="com.atakmap.app@5.4.0.CIV" />
20-->src\main\AndroidManifest.xml:13:46-79
21        <meta-data
21-->src\main\AndroidManifest.xml:14:9-78
22            android:name="app_desc"
22-->src\main\AndroidManifest.xml:14:20-43
23            android:value="@string/app_desc" />
23-->src\main\AndroidManifest.xml:14:44-76
24
25        <activity
25-->src\main\AndroidManifest.xml:16:15-22:26
26            android:name="com.atakmap.app.component"
26-->src\main\AndroidManifest.xml:16:25-65
27            android:exported="true" >
27-->src\main\AndroidManifest.xml:18:19-42
28            <intent-filter android:label="@string/app_name" >
28-->src\main\AndroidManifest.xml:19:19-21:35
28-->src\main\AndroidManifest.xml:19:34-66
29                <action android:name="com.atakmap.app.component" />
29-->src\main\AndroidManifest.xml:20:21-72
29-->src\main\AndroidManifest.xml:20:29-69
30            </intent-filter>
31        </activity>
32    </application>
33
34</manifest>